actionid: tox
msg: packaging
cmdargs: ['/usr/bin/python', local('/Users/moon/Workspace/Python/Projects/hello/setup.py'), 'sdist', '--formats=zip', '--dist-dir', local('/Users/moon/Workspace/Python/Projects/hello/.tox/dist')]
env: None

running sdist
running egg_info
writing requirements to HelloWorld.egg-info/requires.txt
writing HelloWorld.egg-info/PKG-INFO
writing top-level names to HelloWorld.egg-info/top_level.txt
writing dependency_links to HelloWorld.egg-info/dependency_links.txt
reading manifest file 'HelloWorld.egg-info/SOURCES.txt'
writing manifest file 'HelloWorld.egg-info/SOURCES.txt'
warning: sdist: standard file not found: should have one of README, README.rst, README.txt

running check
creating HelloWorld-0.1
creating HelloWorld-0.1/HelloWorld.egg-info
making hard links in HelloWorld-0.1...
hard linking hello.py -> HelloWorld-0.1
hard linking setup.py -> HelloWorld-0.1
hard linking HelloWorld.egg-info/PKG-INFO -> HelloWorld-0.1/HelloWorld.egg-info
hard linking HelloWorld.egg-info/SOURCES.txt -> HelloWorld-0.1/HelloWorld.egg-info
hard linking HelloWorld.egg-info/dependency_links.txt -> HelloWorld-0.1/HelloWorld.egg-info
hard linking HelloWorld.egg-info/requires.txt -> HelloWorld-0.1/HelloWorld.egg-info
hard linking HelloWorld.egg-info/top_level.txt -> HelloWorld-0.1/HelloWorld.egg-info
Writing HelloWorld-0.1/setup.cfg
creating '.tox/dist/HelloWorld-0.1.zip' and adding 'HelloWorld-0.1' to it
adding 'HelloWorld-0.1/hello.py'
adding 'HelloWorld-0.1/PKG-INFO'
adding 'HelloWorld-0.1/setup.cfg'
adding 'HelloWorld-0.1/setup.py'
adding 'HelloWorld-0.1/HelloWorld.egg-info/dependency_links.txt'
adding 'HelloWorld-0.1/HelloWorld.egg-info/PKG-INFO'
adding 'HelloWorld-0.1/HelloWorld.egg-info/requires.txt'
adding 'HelloWorld-0.1/HelloWorld.egg-info/SOURCES.txt'
adding 'HelloWorld-0.1/HelloWorld.egg-info/top_level.txt'
removing 'HelloWorld-0.1' (and everything under it)
